<?xml version="1.0" encoding="UTF-8"?>
<!-- Generated by org.testng.reporters.JUnitReportReporter -->
<testsuite hostname="DESKTOP-98GFODL" failures="0" tests="1" name="com.testyan.projectTest.CreateProjectWithCompleteStatusUsingFramework1Test" time="35.592" errors="0" timestamp="2023-05-14T14:34:13 IST" skipped="0">
  <testcase classname="com.testyan.projectTest.CreateProjectWithCompleteStatusUsingFramework1Test" name="createProject" time="35.592"/>
  <system-out/>
</testsuite> <!-- com.testyan.projectTest.CreateProjectWithCompleteStatusUsingFramework1Test -->
